<?xml version="1.0" encoding="UTF-8"?>
<testsuite xmlns:xsi="http://www.w3.org/2001/XMLSchema-instance" xsi:noNamespaceSchemaLocation="https://maven.apache.org/surefire/maven-surefire-plugin/xsd/surefire-test-report.xsd" name="advent.of.code.RockPaperScissorTest" time="0.009" tests="10" errors="1" skipped="0" failures="0">
  <properties>
    <property name="java.specification.version" value="17"/>
    <property name="sun.cpu.isalist" value="amd64"/>
    <property name="sun.jnu.encoding" value="Cp1252"/>
    <property name="java.class.path" value="C:\dev\AdventOfCode2022\target\test-classes;C:\dev\AdventOfCode2022\target\classes;C:\Users\katrinheiderer\.m2\repository\org\assertj\assertj-core\3.22.0\assertj-core-3.22.0.jar;C:\Users\katrinheiderer\.m2\repository\org\junit\jupiter\junit-jupiter-api\5.3.2\junit-jupiter-api-5.3.2.jar;C:\Users\katrinheiderer\.m2\repository\org\apiguardian\apiguardian-api\1.0.0\apiguardian-api-1.0.0.jar;C:\Users\katrinheiderer\.m2\repository\org\opentest4j\opentest4j\1.1.1\opentest4j-1.1.1.jar;C:\Users\katrinheiderer\.m2\repository\org\junit\platform\junit-platform-commons\1.3.2\junit-platform-commons-1.3.2.jar;C:\Users\katrinheiderer\.m2\repository\org\junit\jupiter\junit-jupiter-params\5.3.2\junit-jupiter-params-5.3.2.jar;C:\Users\katrinheiderer\.m2\repository\org\junit\jupiter\junit-jupiter-engine\5.3.2\junit-jupiter-engine-5.3.2.jar;C:\Users\katrinheiderer\.m2\repository\org\junit\platform\junit-platform-engine\1.3.2\junit-platform-engine-1.3.2.jar;C:\Users\katrinheiderer\.m2\repository\com\approvaltests\approvaltests\9.3.0\approvaltests-9.3.0.jar;C:\Users\katrinheiderer\.m2\repository\com\approvaltests\approvaltests-util\9.3.0\approvaltests-util-9.3.0.jar;C:\Users\katrinheiderer\.m2\repository\com\sun\mail\javax.mail\1.6.2\javax.mail-1.6.2.jar;C:\Users\katrinheiderer\.m2\repository\javax\activation\activation\1.1\activation-1.1.jar;"/>
    <property name="java.vm.vendor" value="Oracle Corporation"/>
    <property name="sun.arch.data.model" value="64"/>
    <property name="user.variant" value=""/>
    <property name="java.vendor.url" value="https://java.oracle.com/"/>
    <property name="user.timezone" value="Europe/Vienna"/>
    <property name="os.name" value="Windows 10"/>
    <property name="java.vm.specification.version" value="17"/>
    <property name="sun.java.launcher" value="SUN_STANDARD"/>
    <property name="user.country" value="AT"/>
    <property name="sun.boot.library.path" value="C:\Program Files\Java\jdk-17.0.2\bin"/>
    <property name="sun.java.command" value="C:\Users\KATRIN~1\AppData\Local\Temp\surefire10420356221299486076\surefirebooter12315115886453434108.jar C:\Users\katrinheiderer\AppData\Local\Temp\surefire10420356221299486076 2022-12-22T17-18-31_702-jvmRun1 surefire12331421939863352397tmp surefire_017119948752821798527tmp"/>
    <property name="jdk.debug" value="release"/>
    <property name="surefire.test.class.path" value="C:\dev\AdventOfCode2022\target\test-classes;C:\dev\AdventOfCode2022\target\classes;C:\Users\katrinheiderer\.m2\repository\org\assertj\assertj-core\3.22.0\assertj-core-3.22.0.jar;C:\Users\katrinheiderer\.m2\repository\org\junit\jupiter\junit-jupiter-api\5.3.2\junit-jupiter-api-5.3.2.jar;C:\Users\katrinheiderer\.m2\repository\org\apiguardian\apiguardian-api\1.0.0\apiguardian-api-1.0.0.jar;C:\Users\katrinheiderer\.m2\repository\org\opentest4j\opentest4j\1.1.1\opentest4j-1.1.1.jar;C:\Users\katrinheiderer\.m2\repository\org\junit\platform\junit-platform-commons\1.3.2\junit-platform-commons-1.3.2.jar;C:\Users\katrinheiderer\.m2\repository\org\junit\jupiter\junit-jupiter-params\5.3.2\junit-jupiter-params-5.3.2.jar;C:\Users\katrinheiderer\.m2\repository\org\junit\jupiter\junit-jupiter-engine\5.3.2\junit-jupiter-engine-5.3.2.jar;C:\Users\katrinheiderer\.m2\repository\org\junit\platform\junit-platform-engine\1.3.2\junit-platform-engine-1.3.2.jar;C:\Users\katrinheiderer\.m2\repository\com\approvaltests\approvaltests\9.3.0\approvaltests-9.3.0.jar;C:\Users\katrinheiderer\.m2\repository\com\approvaltests\approvaltests-util\9.3.0\approvaltests-util-9.3.0.jar;C:\Users\katrinheiderer\.m2\repository\com\sun\mail\javax.mail\1.6.2\javax.mail-1.6.2.jar;C:\Users\katrinheiderer\.m2\repository\javax\activation\activation\1.1\activation-1.1.jar;"/>
    <property name="sun.cpu.endian" value="little"/>
    <property name="user.home" value="C:\Users\katrinheiderer"/>
    <property name="user.language" value="de"/>
    <property name="java.specification.vendor" value="Oracle Corporation"/>
    <property name="java.version.date" value="2022-01-18"/>
    <property name="java.home" value="C:\Program Files\Java\jdk-17.0.2"/>
    <property name="file.separator" value="\"/>
    <property name="basedir" value="C:\dev\AdventOfCode2022"/>
    <property name="java.vm.compressedOopsMode" value="Zero based"/>
    <property name="line.separator" value="&#10;"/>
    <property name="java.vm.specification.vendor" value="Oracle Corporation"/>
    <property name="java.specification.name" value="Java Platform API Specification"/>
    <property name="surefire.real.class.path" value="C:\Users\KATRIN~1\AppData\Local\Temp\surefire10420356221299486076\surefirebooter12315115886453434108.jar"/>
    <property name="user.script" value=""/>
    <property name="sun.management.compiler" value="HotSpot 64-Bit Tiered Compilers"/>
    <property name="java.runtime.version" value="17.0.2+8-LTS-86"/>
    <property name="user.name" value="katrinheiderer"/>
    <property name="path.separator" value=";"/>
    <property name="os.version" value="10.0"/>
    <property name="java.runtime.name" value="Java(TM) SE Runtime Environment"/>
    <property name="file.encoding" value="Cp1252"/>
    <property name="java.vm.name" value="Java HotSpot(TM) 64-Bit Server VM"/>
    <property name="localRepository" value="C:\Users\katrinheiderer\.m2\repository"/>
    <property name="java.vendor.url.bug" value="https://bugreport.java.com/bugreport/"/>
    <property name="java.io.tmpdir" value="C:\Users\KATRIN~1\AppData\Local\Temp\"/>
    <property name="java.version" value="17.0.2"/>
    <property name="user.dir" value="C:\dev\AdventOfCode2022"/>
    <property name="os.arch" value="amd64"/>
    <property name="java.vm.specification.name" value="Java Virtual Machine Specification"/>
    <property name="sun.os.patch.level" value=""/>
    <property name="native.encoding" value="Cp1252"/>
    <property name="java.library.path" value="C:\Program Files\Java\jdk-17.0.2\bin;C:\windows\Sun\Java\bin;C:\windows\system32;C:\windows;C:\Python310\Scripts\;C:\Python310\;C:\Program Files\Microsoft\jdk-11.0.12.7-hotspot\bin;C:\Program Files\Eclipse Foundation\jdk-8.0.302.8-hotspot\bin;C:\Program Files\Common Files\Oracle\Java\javapath;C:\Program Files (x86)\Common Files\Oracle\Java\javapath;C:\windows\system32;C:\windows;C:\windows\System32\Wbem;C:\windows\System32\WindowsPowerShell\v1.0\;C:\windows\System32\OpenSSH\;C:\Program Files\Microsoft SQL Server\150\Tools\Binn\;C:\Program Files\Microsoft SQL Server\Client SDK\ODBC\170\Tools\Binn\;C:\Program Files\dotnet\;C:\Program Files\Git\cmd;C:\dev\apache-maven-3.8.4\bin;C:\Program Files\nodejs\;C:\ProgramData\chocolatey\bin;C:\Users\katrinheiderer\AppData\Local\Programs\Quarto\bin;C:\Users\katrinheiderer\AppData\Local\Microsoft\WindowsApps;;C:\Program Files\JetBrains\IntelliJ IDEA Community Edition 2021.3.2\bin;;C:\Users\katrinheiderer\.dotnet\tools;C:\Program Files\heroku\bin;C:\Users\katrinheiderer\AppData\Roaming\npm;C:\Users\katrinheiderer\AppData\Local\Programs\Microsoft VS Code\bin;."/>
    <property name="java.vm.info" value="mixed mode, sharing"/>
    <property name="java.vendor" value="Oracle Corporation"/>
    <property name="java.vm.version" value="17.0.2+8-LTS-86"/>
    <property name="sun.io.unicode.encoding" value="UnicodeLittle"/>
    <property name="java.class.version" value="61.0"/>
  </properties>
  <testcase name="runRockPaperScissorsReadCsvData" classname="advent.of.code.RockPaperScissorTest" time="0">
    <error message="begin 0, end 1, length 0" type="java.lang.StringIndexOutOfBoundsException">java.lang.StringIndexOutOfBoundsException: begin 0, end 1, length 0
	at advent.of.code.RockPaperScissorTest.runRockPaperScissorsReadCsvData(RockPaperScissorTest.java:35)
</error>
  </testcase>
  <testcase name="runRockPaperScissorsReadCsvDataNew2" classname="advent.of.code.RockPaperScissorTest" time="0"/>
  <testcase name="runRockPaperScissorsReadCsvDataNew3" classname="advent.of.code.RockPaperScissorTest" time="0"/>
  <testcase name="runRockPaperScissorsNumbers" classname="advent.of.code.RockPaperScissorTest" time="0.001"/>
  <testcase name="runRockPaperScissorsRound1" classname="advent.of.code.RockPaperScissorTest" time="0"/>
  <testcase name="runRockPaperScissorsRound2" classname="advent.of.code.RockPaperScissorTest" time="0"/>
  <testcase name="runRockPaperScissorsRound3" classname="advent.of.code.RockPaperScissorTest" time="0"/>
  <testcase name="runRockPaperScissorsRound4" classname="advent.of.code.RockPaperScissorTest" time="0.001"/>
  <testcase name="runRockPaperScissorsRound5" classname="advent.of.code.RockPaperScissorTest" time="0"/>
  <testcase name="runRockPaperScissorsRound6" classname="advent.of.code.RockPaperScissorTest" time="0"/>
</testsuite>