<?xml version="1.0" encoding="UTF-8"?>
<testsuite xmlns:xsi="http://www.w3.org/2001/XMLSchema-instance" xsi:noNamespaceSchemaLocation="https://maven.apache.org/surefire/maven-surefire-plugin/xsd/surefire-test-report.xsd" name="advent.of.code.RockPaperScissorTest" time="0.009" tests="10" errors="1" skipped="0" failures="0">
  <properties>
[...]
</properties>
  <testcase name="runRockPaperScissorsReadCsvData" classname="advent.of.code.RockPaperScissorTest" time="0">
    <error message="begin 0, end 1, length 0" type="java.lang.StringIndexOutOfBoundsException">java.lang.StringIndexOutOfBoundsException: begin 0, end 1, length 0
	at advent.of.code.RockPaperScissorTest.runRockPaperScissorsReadCsvData(RockPaperScissorTest.java:35)
</error>
  </testcase>
  <testcase name="runRockPaperScissorsReadCsvDataNew2" classname="advent.of.code.RockPaperScissorTest" time="0"/>
  <testcase name="runRockPaperScissorsReadCsvDataNew3" classname="advent.of.code.RockPaperScissorTest" time="0"/>
  <testcase name="runRockPaperScissorsNumbers" classname="advent.of.code.RockPaperScissorTest" time="0.001"/>
  <testcase name="runRockPaperScissorsRound1" classname="advent.of.code.RockPaperScissorTest" time="0"/>
  <testcase name="runRockPaperScissorsRound2" classname="advent.of.code.RockPaperScissorTest" time="0"/>
  <testcase name="runRockPaperScissorsRound3" classname="advent.of.code.RockPaperScissorTest" time="0"/>
  <testcase name="runRockPaperScissorsRound4" classname="advent.of.code.RockPaperScissorTest" time="0.001"/>
  <testcase name="runRockPaperScissorsRound5" classname="advent.of.code.RockPaperScissorTest" time="0"/>
  <testcase name="runRockPaperScissorsRound6" classname="advent.of.code.RockPaperScissorTest" time="0"/>
</testsuite>